<?xml version="1.0" encoding="UTF-8"?>
<testng-results skipped="0" failed="0" ignored="0" total="1" passed="1">
  <reporter-output>
  </reporter-output>
  <suite name="Default suite" duration-ms="13181" started-at="2023-11-18T11:06:04Z" finished-at="2023-11-18T11:06:17Z">
    <groups>
    </groups>
    <test name="Default test" duration-ms="13181" started-at="2023-11-18T11:06:04Z" finished-at="2023-11-18T11:06:17Z">
      <class name="utilitytest.BaseTest">
        <test-method status="PASS" signature="setup()[pri:0, instance:utilitytest.BaseTest@6eebc39e]" name="setup" duration-ms="13162" started-at="2023-11-18T16:36:04Z" finished-at="2023-11-18T16:36:17Z">
          <reporter-output>
          </reporter-output>
        </test-method> <!-- setup -->
      </class> <!-- utilitytest.BaseTest -->
    </test> <!-- Default test -->
  </suite> <!-- Default suite -->
</testng-results>
